Using pre-set license
Built from '2021.1/staging' branch; Version is '2021.1.18f1 (25bdc3efbc2d) revision 2473411'; Using compiler version '192528614'; Build Type 'Release'
OS: 'Windows 10 Education; OS build 19042.1348; Version 2009; 64bit' Language: 'en' Physical Memory: 8024 MB
BatchMode: 1, IsHumanControllingUs: 0, StartBugReporterOnCrash: 0, Is64bit: 1, IsPro: 0

COMMAND LINE ARGUMENTS:
C:\Program Files\Unity\Hub\Editor\2021.1.18f1\Editor\Unity.exe
-adb2
-batchMode
-noUpm
-name
AssetImportWorker0
-projectPath
C:/temp/unity projects/Megaman
-logFile
Logs/AssetImportWorker0.log
-srvPort
52922
Successfully changed project path to: C:/temp/unity projects/Megaman
C:/temp/unity projects/Megaman
Using Asset Import Pipeline V2.
Refreshing native plugins compatible for Editor in 164.08 ms, found 4 plugins.
Preloading 0 native plugins for Editor in 0.00 ms.
Initialize engine version: 2021.1.18f1 (25bdc3efbc2d)
[Subsystems] Discovering subsystems at path C:/Program Files/Unity/Hub/Editor/2021.1.18f1/Editor/Data/Resources/UnitySubsystems
[Subsystems] Discovering subsystems at path C:/temp/unity projects/Megaman/Assets
GfxDevice: creating device client; threaded=0; jobified=0
Direct3D:
    Version:  Direct3D 11.0 [level 11.1]
    Renderer: Intel(R) UHD Graphics 630 (ID=0x3e91)
    Vendor:   Intel
    VRAM:     4012 MB
    Driver:   27.20.100.9415
Initialize mono
Mono path[0] = 'C:/Program Files/Unity/Hub/Editor/2021.1.18f1/Editor/Data/Managed'
Mono path[1] = 'C:/Program Files/Unity/Hub/Editor/2021.1.18f1/Editor/Data/MonoBleedingEdge/lib/mono/unityjit'
Mono config path = 'C:/Program Files/Unity/Hub/Editor/2021.1.18f1/Editor/Data/MonoBleedingEdge/etc'
Using monoOptions --debugger-agent=transport=dt_socket,embedding=1,server=y,suspend=n,address=127.0.0.1:56252
Begin MonoManager ReloadAssembly
Registering precompiled unity dll's ...
Register platform support module: C:/Program Files/Unity/Hub/Editor/2021.1.18f1/Editor/Data/PlaybackEngines/WindowsStandaloneSupport/UnityEditor.WindowsStandalone.Extensions.dll
Registered in 0.002777 seconds.
Native extension for WindowsStandalone target not found
Refreshing native plugins compatible for Editor in 168.16 ms, found 4 plugins.
Preloading 0 native plugins for Editor in 0.00 ms.
Mono: successfully reloaded assembly
- Completed reload, in  2.738 seconds
Domain Reload Profiling:
	ReloadAssembly (2738ms)
		BeginReloadAssembly (79ms)
			ExecutionOrderSort (0ms)
			DisableScriptedObjects (0ms)
			BackupInstance (0ms)
			ReleaseScriptingObjects (0ms)
			CreateAndSetChildDomain (1ms)
		EndReloadAssembly (710ms)
			LoadAssemblies (78ms)
			RebuildTransferFunctionScriptingTraits (0ms)
			SetupTypeCache (239ms)
			ReleaseScriptCaches (0ms)
			RebuildScriptCaches (39ms)
			SetupLoadedEditorAssemblies (369ms)
				LogAssemblyErrors (0ms)
				InitializePlatformSupportModulesInManaged (7ms)
				SetLoadedEditorAssemblies (0ms)
				RefreshPlugins (168ms)
				BeforeProcessingInitializeOnLoad (2ms)
				ProcessInitializeOnLoadAttributes (146ms)
				ProcessInitializeOnLoadMethodAttributes (45ms)
				AfterProcessingInitializeOnLoad (0ms)
				EditorAssembliesLoaded (0ms)
			ExecutionOrderSort2 (0ms)
			AwakeInstancesAfterBackupRestoration (0ms)
Platform modules already initialized, skipping
Registering precompiled user dll's ...
Registered in 0.007711 seconds.
Begin MonoManager ReloadAssembly
Symbol file LoadedFromMemory doesn't match image C:\temp\unity projects\Megaman\Library\PackageCache\com.unity.visualscripting@1.6.1\Editor\VisualScripting.Core\Dependencies\YamlDotNet\Unity.VisualScripting.YamlDotNet.dll
Symbol file LoadedFromMemory doesn't match image C:\temp\unity projects\Megaman\Library\PackageCache\com.unity.visualscripting@1.6.1\Editor\VisualScripting.Core\Dependencies\DotNetZip\Unity.VisualScripting.IonicZip.dll
Native extension for WindowsStandalone target not found
Refreshing native plugins compatible for Editor in 199.57 ms, found 4 plugins.
Preloading 0 native plugins for Editor in 0.00 ms.
Mono: successfully reloaded assembly
- Completed reload, in  2.365 seconds
Domain Reload Profiling:
	ReloadAssembly (2366ms)
		BeginReloadAssembly (273ms)
			ExecutionOrderSort (0ms)
			DisableScriptedObjects (8ms)
			BackupInstance (0ms)
			ReleaseScriptingObjects (0ms)
			CreateAndSetChildDomain (26ms)
		EndReloadAssembly (1945ms)
			LoadAssemblies (188ms)
			RebuildTransferFunctionScriptingTraits (0ms)
			SetupTypeCache (646ms)
			ReleaseScriptCaches (1ms)
			RebuildScriptCaches (102ms)
			SetupLoadedEditorAssemblies (843ms)
				LogAssemblyErrors (0ms)
				InitializePlatformSupportModulesInManaged (5ms)
				SetLoadedEditorAssemblies (0ms)
				RefreshPlugins (200ms)
				BeforeProcessingInitializeOnLoad (183ms)
				ProcessInitializeOnLoadAttributes (427ms)
				ProcessInitializeOnLoadMethodAttributes (19ms)
				AfterProcessingInitializeOnLoad (8ms)
				EditorAssembliesLoaded (0ms)
			ExecutionOrderSort2 (0ms)
			AwakeInstancesAfterBackupRestoration (10ms)
Platform modules already initialized, skipping
========================================================================
Worker process is ready to serve import requests
Launched and connected shader compiler UnityShaderCompiler.exe after 0.08 seconds
Refreshing native plugins compatible for Editor in 0.75 ms, found 4 plugins.
Preloading 0 native plugins for Editor in 0.00 ms.
Unloading 3676 Unused Serialized files (Serialized files now loaded: 0)
System memory in use before: 136.2 MB.
System memory in use after: 136.4 MB.

Unloading 32 unused Assets to reduce memory usage. Loaded Objects now: 4124.
Total: 4.610700 ms (FindLiveObjects: 0.309600 ms CreateObjectMapping: 0.220000 ms MarkObjects: 3.988700 ms  DeleteObjects: 0.091000 ms)

AssetImportParameters requested are different than current active one (requested -> active):
  custom:framework-win-MediaFoundation: 216162199b28c13a410421893ffa2e32 -> 
  custom:video-decoder-ogg-theora: a1e56fd34408186e4bbccfd4996cb3dc -> 
  custom:container-muxer-webm: aa71ff27fc2769a1b78a27578f13a17b -> 
  custom:container-demuxer-webm: 4f35f7cbe854078d1ac9338744f61a02 -> 
  custom:container-demuxer-ogg: 62fdf1f143b41e24485cea50d1cbac27 -> 
  custom:video-encoder-webm-vp8: eb34c28f22e8b96e1ab97ce403110664 -> 
  custom:video-decoder-webm-vp8: 9c59270c3fd7afecdb556c50c9e8de78 -> 
  custom:audio-decoder-ogg-vorbis: bf7c407c2cedff20999df2af8eb42d56 -> 
  custom:audio-encoder-webm-vorbis: bf7c407c2cedff20999df2af8eb42d56 -> 
========================================================================
Received Import Request.
  path: Assets/megaman-spritesheet.png
  artifactKey: Guid(9a161494e8df82f46bf9a2bdb70fbfe6) Importer(815301076,1909f56bfc062723c751e8b465ee728b)
Start importing Assets/megaman-spritesheet.png using Guid(9a161494e8df82f46bf9a2bdb70fbfe6) Importer(815301076,1909f56bfc062723c751e8b465ee728b)  -> (artifact id: '9a4e06e560721c8f8e8f38c9564201ea') in 0.124229 seconds 
========================================================================
Received Import Request.
  Time since last request: 6.364827 seconds.
  path: Assets/megaman-spritesheet.png
  artifactKey: Guid(9a161494e8df82f46bf9a2bdb70fbfe6) Importer(815301076,1909f56bfc062723c751e8b465ee728b)
Start importing Assets/megaman-spritesheet.png using Guid(9a161494e8df82f46bf9a2bdb70fbfe6) Importer(815301076,1909f56bfc062723c751e8b465ee728b)  -> (artifact id: '1fdb9abf15de8de02628d4503aab5afd') in 0.020897 seconds 
========================================================================
Received Import Request.
  Time since last request: 271.114178 seconds.
  path: Assets/megaman-spritesheet.png
  artifactKey: Guid(9a161494e8df82f46bf9a2bdb70fbfe6) Importer(815301076,1909f56bfc062723c751e8b465ee728b)
Start importing Assets/megaman-spritesheet.png using Guid(9a161494e8df82f46bf9a2bdb70fbfe6) Importer(815301076,1909f56bfc062723c751e8b465ee728b)  -> (artifact id: '9500e3c2c161ce38137df0bf92204437') in 0.088384 seconds 
========================================================================
Received Import Request.
  Time since last request: 84.273420 seconds.
  path: Assets/megaman-spritesheet.png
  artifactKey: Guid(9a161494e8df82f46bf9a2bdb70fbfe6) Importer(815301076,1909f56bfc062723c751e8b465ee728b)
Start importing Assets/megaman-spritesheet.png using Guid(9a161494e8df82f46bf9a2bdb70fbfe6) Importer(815301076,1909f56bfc062723c751e8b465ee728b)  -> (artifact id: 'ce5f225badf94c225d595b4173ad492a') in 0.054537 seconds 
========================================================================
Received Import Request.
  Time since last request: 104.848109 seconds.
  path: Assets/megaman-spritesheet.png
  artifactKey: Guid(9a161494e8df82f46bf9a2bdb70fbfe6) Importer(815301076,1909f56bfc062723c751e8b465ee728b)
Start importing Assets/megaman-spritesheet.png using Guid(9a161494e8df82f46bf9a2bdb70fbfe6) Importer(815301076,1909f56bfc062723c751e8b465ee728b)  -> (artifact id: '2395f889b645e726c1537656ad9675b9') in 0.047690 seconds 
========================================================================
Received Import Request.
  Time since last request: 4.935375 seconds.
  path: Assets/megaman-spritesheet.png
  artifactKey: Guid(9a161494e8df82f46bf9a2bdb70fbfe6) Importer(815301076,1909f56bfc062723c751e8b465ee728b)
Start importing Assets/megaman-spritesheet.png using Guid(9a161494e8df82f46bf9a2bdb70fbfe6) Importer(815301076,1909f56bfc062723c751e8b465ee728b)  -> (artifact id: '26fd748d95e69b1d810c8b722b8194dd') in 0.046753 seconds 
========================================================================
Received Import Request.
  Time since last request: 137.639997 seconds.
  path: Assets/run 1.controller
  artifactKey: Guid(df8bc2337bb90bb4ca3c8458dedb9d09) Importer(815301076,1909f56bfc062723c751e8b465ee728b)
Start importing Assets/run 1.controller using Guid(df8bc2337bb90bb4ca3c8458dedb9d09) Importer(815301076,1909f56bfc062723c751e8b465ee728b)  -> (artifact id: 'f5c9ee98e6f5b292f60bb3c481d3a2c5') in 0.017957 seconds 
========================================================================
Received Import Request.
  Time since last request: 7.470842 seconds.
  path: Assets/idle 1.controller
  artifactKey: Guid(700775c6a95e1274ba671ec7f42a6f52) Importer(815301076,1909f56bfc062723c751e8b465ee728b)
Start importing Assets/idle 1.controller using Guid(700775c6a95e1274ba671ec7f42a6f52) Importer(815301076,1909f56bfc062723c751e8b465ee728b)  -> (artifact id: '159011605bcaf2239de28073d0133c46') in 0.010731 seconds 
========================================================================
Received Import Request.
  Time since last request: 5.514413 seconds.
  path: Assets/Run.anim
  artifactKey: Guid(fdde395fd17e0a6479ef790bbdb37841) Importer(815301076,1909f56bfc062723c751e8b465ee728b)
Start importing Assets/Run.anim using Guid(fdde395fd17e0a6479ef790bbdb37841) Importer(815301076,1909f56bfc062723c751e8b465ee728b)  -> (artifact id: 'f0dd1f79e34e2111e6ff57a4767efb20') in 0.012466 seconds 
========================================================================
Received Import Request.
  Time since last request: 73.293348 seconds.
  path: Assets/megaman-spritesheet.png
  artifactKey: Guid(9a161494e8df82f46bf9a2bdb70fbfe6) Importer(815301076,1909f56bfc062723c751e8b465ee728b)
Start importing Assets/megaman-spritesheet.png using Guid(9a161494e8df82f46bf9a2bdb70fbfe6) Importer(815301076,1909f56bfc062723c751e8b465ee728b)  -> (artifact id: '338559e7eb59a1afc2a3256bb9b46323') in 0.050243 seconds 
========================================================================
Received Import Request.
  Time since last request: 953.587409 seconds.
  path: Assets
  artifactKey: Guid(00000000000000001000000000000000) Importer(815301076,1909f56bfc062723c751e8b465ee728b)
Start importing Assets using Guid(00000000000000001000000000000000) Importer(815301076,1909f56bfc062723c751e8b465ee728b)  -> (artifact id: '68a4034d3d715da871e781da702f0bc5') in 0.015857 seconds 
========================================================================
Received Import Request.
  Time since last request: 7.052347 seconds.
  path: Assets/playermovement.cs
  artifactKey: Guid(6687324092b4f1a49a6cfc4b08d6ada0) Importer(815301076,1909f56bfc062723c751e8b465ee728b)
Start importing Assets/playermovement.cs using Guid(6687324092b4f1a49a6cfc4b08d6ada0) Importer(815301076,1909f56bfc062723c751e8b465ee728b)  -> (artifact id: '091a3899186f25bf7322983e48f035c9') in 0.056880 seconds 
========================================================================
Received Prepare
Registering precompiled user dll's ...
Registered in 0.282305 seconds.
Begin MonoManager ReloadAssembly
Symbol file LoadedFromMemory doesn't match image C:\temp\unity projects\Megaman\Library\PackageCache\com.unity.visualscripting@1.6.1\Editor\VisualScripting.Core\Dependencies\YamlDotNet\Unity.VisualScripting.YamlDotNet.dll
Symbol file LoadedFromMemory doesn't match image C:\temp\unity projects\Megaman\Library\PackageCache\com.unity.visualscripting@1.6.1\Editor\VisualScripting.Core\Dependencies\DotNetZip\Unity.VisualScripting.IonicZip.dll
Native extension for WindowsStandalone target not found
Refreshing native plugins compatible for Editor in 1.05 ms, found 4 plugins.
Preloading 0 native plugins for Editor in 0.00 ms.
Mono: successfully reloaded assembly
- Completed reload, in  2.070 seconds
Domain Reload Profiling:
	ReloadAssembly (2072ms)
		BeginReloadAssembly (557ms)
			ExecutionOrderSort (0ms)
			DisableScriptedObjects (63ms)
			BackupInstance (0ms)
			ReleaseScriptingObjects (0ms)
			CreateAndSetChildDomain (271ms)
		EndReloadAssembly (1426ms)
			LoadAssemblies (198ms)
			RebuildTransferFunctionScriptingTraits (0ms)
			SetupTypeCache (517ms)
			ReleaseScriptCaches (2ms)
			RebuildScriptCaches (64ms)
			SetupLoadedEditorAssemblies (535ms)
				LogAssemblyErrors (0ms)
				InitializePlatformSupportModulesInManaged (6ms)
				SetLoadedEditorAssemblies (1ms)
				RefreshPlugins (1ms)
				BeforeProcessingInitializeOnLoad (96ms)
				ProcessInitializeOnLoadAttributes (409ms)
				ProcessInitializeOnLoadMethodAttributes (12ms)
				AfterProcessingInitializeOnLoad (10ms)
				EditorAssembliesLoaded (0ms)
			ExecutionOrderSort2 (0ms)
			AwakeInstancesAfterBackupRestoration (31ms)
Platform modules already initialized, skipping
Refreshing native plugins compatible for Editor in 0.85 ms, found 4 plugins.
Preloading 0 native plugins for Editor in 0.00 ms.
Unloading 3668 Unused Serialized files (Serialized files now loaded: 0)
System memory in use before: 143.3 MB.
System memory in use after: 143.5 MB.

Unloading 20 unused Assets to reduce memory usage. Loaded Objects now: 4277.
Total: 7.071200 ms (FindLiveObjects: 0.385700 ms CreateObjectMapping: 0.289500 ms MarkObjects: 6.354000 ms  DeleteObjects: 0.040700 ms)

AssetImportParameters requested are different than current active one (requested -> active):
  custom:framework-win-MediaFoundation: 216162199b28c13a410421893ffa2e32 -> 
  custom:video-decoder-ogg-theora: a1e56fd34408186e4bbccfd4996cb3dc -> 
  custom:container-muxer-webm: aa71ff27fc2769a1b78a27578f13a17b -> 
  custom:container-demuxer-webm: 4f35f7cbe854078d1ac9338744f61a02 -> 
  custom:container-demuxer-ogg: 62fdf1f143b41e24485cea50d1cbac27 -> 
  custom:video-encoder-webm-vp8: eb34c28f22e8b96e1ab97ce403110664 -> 
  custom:video-decoder-webm-vp8: 9c59270c3fd7afecdb556c50c9e8de78 -> 
  custom:audio-decoder-ogg-vorbis: bf7c407c2cedff20999df2af8eb42d56 -> 
  custom:audio-encoder-webm-vorbis: bf7c407c2cedff20999df2af8eb42d56 -> 
========================================================================
Received Import Request.
  Time since last request: 1315.863031 seconds.
  path: Assets/Helper.cs
  artifactKey: Guid(7e080f2f1db5b80459de4f7fb71ac5cd) Importer(815301076,1909f56bfc062723c751e8b465ee728b)
Start importing Assets/Helper.cs using Guid(7e080f2f1db5b80459de4f7fb71ac5cd) Importer(815301076,1909f56bfc062723c751e8b465ee728b)  -> (artifact id: '66a3309bc77acd859c163a8cbf75667b') in 0.053972 seconds 
========================================================================
Received Import Request.
  Time since last request: 39.078100 seconds.
  path: Assets/Helper.cs
  artifactKey: Guid(7e080f2f1db5b80459de4f7fb71ac5cd) Importer(815301076,1909f56bfc062723c751e8b465ee728b)
Start importing Assets/Helper.cs using Guid(7e080f2f1db5b80459de4f7fb71ac5cd) Importer(815301076,1909f56bfc062723c751e8b465ee728b)  -> (artifact id: '0eb6c9411ce59a1456a00e2cc1397b1e') in 0.009461 seconds 
========================================================================
Received Import Request.
  Time since last request: 176.164703 seconds.
  path: Assets/playermovement.cs
  artifactKey: Guid(6687324092b4f1a49a6cfc4b08d6ada0) Importer(815301076,1909f56bfc062723c751e8b465ee728b)
Start importing Assets/playermovement.cs using Guid(6687324092b4f1a49a6cfc4b08d6ada0) Importer(815301076,1909f56bfc062723c751e8b465ee728b)  -> (artifact id: 'ff6a9d3e72f7faaaf2d640a5d8bf9931') in 0.006662 seconds 
AssetImportWorkerClient::OnTransportError - code=2 error=End of file
